[debug] [2022-11-09T14:22:37.744Z] ----------------------------------------------------------------------
[debug] [2022-11-09T14:22:37.746Z] Command:       C:\Program Files\nodejs\node.exe C:\Users\h\AppData\Roaming\npm\node_modules\firebase-tools\lib\bin\firebase.js deploy
[debug] [2022-11-09T14:22:37.746Z] CLI Version:   11.15.0
[debug] [2022-11-09T14:22:37.746Z] Platform:      win32
[debug] [2022-11-09T14:22:37.746Z] Node Version:  v16.13.2
[debug] [2022-11-09T14:22:37.747Z] Time:          Wed Nov 09 2022 20:22:37 GMT+0600 (Bangladesh Standard Time)
[debug] [2022-11-09T14:22:37.747Z] ----------------------------------------------------------------------
[debug] 
[debug] [2022-11-09T14:22:37.799Z] > command requires scopes: ["email","openid","https://www.googleapis.com/auth/cloudplatformprojects.readonly","https://www.googleapis.com/auth/firebase","https://www.googleapis.com/auth/cloud-platform"]
[debug] [2022-11-09T14:22:37.799Z] > authorizing via signed-in user (mdtajbeerahamedrimon@gmail.com)
[debug] [2022-11-09T14:22:37.799Z] [iam] checking project take-a-trip-2a7a2 for permissions ["firebase.projects.get","firebasehosting.sites.update"]
[debug] [2022-11-09T14:22:37.801Z] >>> [apiv2][query] POST https://cloudresourcemanager.googleapis.com/v1/projects/take-a-trip-2a7a2:testIamPermissions [none]
[debug] [2022-11-09T14:22:37.801Z] >>> [apiv2][(partial)header] POST https://cloudresourcemanager.googleapis.com/v1/projects/take-a-trip-2a7a2:testIamPermissions x-goog-quota-user=projects/take-a-trip-2a7a2
[debug] [2022-11-09T14:22:37.801Z] >>> [apiv2][body] POST https://cloudresourcemanager.googleapis.com/v1/projects/take-a-trip-2a7a2:testIamPermissions {"permissions":["firebase.projects.get","firebasehosting.sites.update"]}
[debug] [2022-11-09T14:22:47.055Z] <<< [apiv2][status] POST https://cloudresourcemanager.googleapis.com/v1/projects/take-a-trip-2a7a2:testIamPermissions 200
[debug] [2022-11-09T14:22:47.056Z] <<< [apiv2][body] POST https://cloudresourcemanager.googleapis.com/v1/projects/take-a-trip-2a7a2:testIamPermissions {"permissions":["firebase.projects.get","firebasehosting.sites.update"]}
[debug] [2022-11-09T14:22:47.057Z] >>> [apiv2][query] GET https://firebase.googleapis.com/v1beta1/projects/take-a-trip-2a7a2 [none]
[debug] [2022-11-09T14:22:47.825Z] <<< [apiv2][status] GET https://firebase.googleapis.com/v1beta1/projects/take-a-trip-2a7a2 200
[debug] [2022-11-09T14:22:47.826Z] <<< [apiv2][body] GET https://firebase.googleapis.com/v1beta1/projects/take-a-trip-2a7a2 {"projectId":"take-a-trip-2a7a2","projectNumber":"251045852397","displayName":"take-a-trip","name":"projects/take-a-trip-2a7a2","resources":{"hostingSite":"take-a-trip-2a7a2"},"state":"ACTIVE","etag":"1_a39ec7b4-9195-4887-b46d-10939fa2bbec"}
[info] 
[info] === Deploying to 'take-a-trip-2a7a2'...
[info] 
[info] i  deploying hosting 
[debug] [2022-11-09T14:22:47.828Z] >>> [apiv2][query] POST https://firebasehosting.googleapis.com/v1beta1/projects/-/sites/take-a-trip-2a7a2/versions [none]
[debug] [2022-11-09T14:22:47.828Z] >>> [apiv2][body] POST https://firebasehosting.googleapis.com/v1beta1/projects/-/sites/take-a-trip-2a7a2/versions {"status":"CREATED","labels":{"deployment-tool":"cli-firebase"}}
[debug] [2022-11-09T14:22:49.401Z] <<< [apiv2][status] POST https://firebasehosting.googleapis.com/v1beta1/projects/-/sites/take-a-trip-2a7a2/versions 200
[debug] [2022-11-09T14:22:49.401Z] <<< [apiv2][body] POST https://firebasehosting.googleapis.com/v1beta1/projects/-/sites/take-a-trip-2a7a2/versions {"name":"projects/251045852397/sites/take-a-trip-2a7a2/versions/88be8ad7e71cb02a","status":"CREATED","config":{},"labels":{"deployment-tool":"cli-firebase"}}
[info] i  hosting[take-a-trip-2a7a2]: beginning deploy... 
[info] i  hosting[take-a-trip-2a7a2]: found 15 files in build 
[debug] [2022-11-09T14:22:49.413Z] [hosting] uploading with 200 concurrency
[debug] [2022-11-09T14:22:49.556Z] [hosting] hash cache [YnVpbGQ] stored for 15 files
[debug] [2022-11-09T14:22:49.556Z] [hosting][hash queue][FINAL] {"max":137,"min":1,"avg":13.333333333333334,"active":0,"complete":15,"success":15,"errored":0,"retried":0,"total":15,"elapsed":141}
[debug] [2022-11-09T14:22:49.556Z] >>> [apiv2][query] POST https://firebasehosting.googleapis.com/v1beta1/projects/251045852397/sites/take-a-trip-2a7a2/versions/88be8ad7e71cb02a:populateFiles [none]
[debug] [2022-11-09T14:22:49.556Z] >>> [apiv2][body] POST https://firebasehosting.googleapis.com/v1beta1/projects/251045852397/sites/take-a-trip-2a7a2/versions/88be8ad7e71cb02a:populateFiles {"files":{"/download.jpg":"8510462fd5faeab7bd22396f66bf2aacdff15b0fff42c7321929aafd5de1b328","/favicon.ico":"8510462fd5faeab7bd22396f66bf2aacdff15b0fff42c7321929aafd5de1b328","/logo192.png":"3ee59515172ee198f3be375979df15ac5345183e656720a381b8872b2a39dc8b","/logo512.png":"ee7e2f3fdb8209c4b6fd7bef6ba50d1b9dba30a25bb5c3126df057e1cb6f5331","/manifest.json":"aff3449bdc238776f5d6d967f19ec491b36aed5fb7f23ccff6500736fd58494a","/robots.txt":"bfe106a3fb878dc83461c86818bf74fc1bdc7f28538ba613cd3e775516ce8b49","/asset-manifest.json":"1f8ea9ed2965b3e2519b7fa3124600964db281f04cfb13748a42ab9cb7607c56","/index.html":"9b469463014a359beceb581ce5e648c6f48fef83ef8fb7a80d29693a0bae9e45","/static/js/787.ef8382e2.chunk.js":"505561b50fca5fa5402259d2610637a8976468c490a2232306f5fa37ebfe6486","/static/js/main.21364547.js.LICENSE.txt":"29fba471d481398619ffd50250e8431add61c7c8208f77fc9b05cd1bf9708876","/static/js/787.ef8382e2.chunk.js.map":"3e218db855d11ae6063a44a97b09a14ad323ef3475c06a88c590b285f186b927","/static/css/main.7b02efcf.css.map":"f7bc7c22193743321fc4f984df19637256d0a83e682c040fc85688bd32bec3bc","/static/css/main.7b02efcf.css":"fd5307c1b0a8cb12b530a64f05c9accf0fe9fdf2229cdc8cbe03f24114164214","/static/js/main.21364547.js":"a22685108f5c124794092212c91dcc99a6d0601bf42b500addfaa00764d750df","/static/js/main.21364547.js.map":"2069a965e3da1020733470c0f01fed69d84267acc8fd0b5604f9394f0b1465f2"}}
[debug] [2022-11-09T14:22:50.775Z] <<< [apiv2][status] POST https://firebasehosting.googleapis.com/v1beta1/projects/251045852397/sites/take-a-trip-2a7a2/versions/88be8ad7e71cb02a:populateFiles 200
[debug] [2022-11-09T14:22:50.775Z] <<< [apiv2][body] POST https://firebasehosting.googleapis.com/v1beta1/projects/251045852397/sites/take-a-trip-2a7a2/versions/88be8ad7e71cb02a:populateFiles {"uploadRequiredHashes":["1f8ea9ed2965b3e2519b7fa3124600964db281f04cfb13748a42ab9cb7607c56","2069a965e3da1020733470c0f01fed69d84267acc8fd0b5604f9394f0b1465f2","f7bc7c22193743321fc4f984df19637256d0a83e682c040fc85688bd32bec3bc","fd5307c1b0a8cb12b530a64f05c9accf0fe9fdf2229cdc8cbe03f24114164214","9b469463014a359beceb581ce5e648c6f48fef83ef8fb7a80d29693a0bae9e45","a22685108f5c124794092212c91dcc99a6d0601bf42b500addfaa00764d750df"],"uploadUrl":"https://upload-firebasehosting.googleapis.com/upload/sites/take-a-trip-2a7a2/versions/88be8ad7e71cb02a/files"}
[debug] [2022-11-09T14:22:50.777Z] >>> [apiv2][query] POST https://upload-firebasehosting.googleapis.com/upload/sites/take-a-trip-2a7a2/versions/88be8ad7e71cb02a/files/1f8ea9ed2965b3e2519b7fa3124600964db281f04cfb13748a42ab9cb7607c56 [none]
[debug] [2022-11-09T14:22:50.777Z] >>> [apiv2][body] POST https://upload-firebasehosting.googleapis.com/upload/sites/take-a-trip-2a7a2/versions/88be8ad7e71cb02a/files/1f8ea9ed2965b3e2519b7fa3124600964db281f04cfb13748a42ab9cb7607c56 [stream]
[debug] [2022-11-09T14:22:50.777Z] >>> [apiv2][query] POST https://upload-firebasehosting.googleapis.com/upload/sites/take-a-trip-2a7a2/versions/88be8ad7e71cb02a/files/2069a965e3da1020733470c0f01fed69d84267acc8fd0b5604f9394f0b1465f2 [none]
[debug] [2022-11-09T14:22:50.778Z] >>> [apiv2][body] POST https://upload-firebasehosting.googleapis.com/upload/sites/take-a-trip-2a7a2/versions/88be8ad7e71cb02a/files/2069a965e3da1020733470c0f01fed69d84267acc8fd0b5604f9394f0b1465f2 [stream]
[debug] [2022-11-09T14:22:50.778Z] >>> [apiv2][query] POST https://upload-firebasehosting.googleapis.com/upload/sites/take-a-trip-2a7a2/versions/88be8ad7e71cb02a/files/f7bc7c22193743321fc4f984df19637256d0a83e682c040fc85688bd32bec3bc [none]
[debug] [2022-11-09T14:22:50.778Z] >>> [apiv2][body] POST https://upload-firebasehosting.googleapis.com/upload/sites/take-a-trip-2a7a2/versions/88be8ad7e71cb02a/files/f7bc7c22193743321fc4f984df19637256d0a83e682c040fc85688bd32bec3bc [stream]
[debug] [2022-11-09T14:22:50.779Z] >>> [apiv2][query] POST https://upload-firebasehosting.googleapis.com/upload/sites/take-a-trip-2a7a2/versions/88be8ad7e71cb02a/files/fd5307c1b0a8cb12b530a64f05c9accf0fe9fdf2229cdc8cbe03f24114164214 [none]
[debug] [2022-11-09T14:22:50.779Z] >>> [apiv2][body] POST https://upload-firebasehosting.googleapis.com/upload/sites/take-a-trip-2a7a2/versions/88be8ad7e71cb02a/files/fd5307c1b0a8cb12b530a64f05c9accf0fe9fdf2229cdc8cbe03f24114164214 [stream]
[debug] [2022-11-09T14:22:50.779Z] >>> [apiv2][query] POST https://upload-firebasehosting.googleapis.com/upload/sites/take-a-trip-2a7a2/versions/88be8ad7e71cb02a/files/9b469463014a359beceb581ce5e648c6f48fef83ef8fb7a80d29693a0bae9e45 [none]
[debug] [2022-11-09T14:22:50.779Z] >>> [apiv2][body] POST https://upload-firebasehosting.googleapis.com/upload/sites/take-a-trip-2a7a2/versions/88be8ad7e71cb02a/files/9b469463014a359beceb581ce5e648c6f48fef83ef8fb7a80d29693a0bae9e45 [stream]
[debug] [2022-11-09T14:22:50.780Z] >>> [apiv2][query] POST https://upload-firebasehosting.googleapis.com/upload/sites/take-a-trip-2a7a2/versions/88be8ad7e71cb02a/files/a22685108f5c124794092212c91dcc99a6d0601bf42b500addfaa00764d750df [none]
[debug] [2022-11-09T14:22:50.780Z] >>> [apiv2][body] POST https://upload-firebasehosting.googleapis.com/upload/sites/take-a-trip-2a7a2/versions/88be8ad7e71cb02a/files/a22685108f5c124794092212c91dcc99a6d0601bf42b500addfaa00764d750df [stream]
[debug] [2022-11-09T14:22:50.781Z] [hosting][populate queue][FINAL] {"max":1221,"min":1221,"avg":1221,"active":0,"complete":1,"success":1,"errored":0,"retried":0,"total":1,"elapsed":1226}
[debug] [2022-11-09T14:22:50.781Z] [hosting] uploads queued: 6
[debug] [2022-11-09T14:22:53.104Z] <<< [apiv2][status] POST https://upload-firebasehosting.googleapis.com/upload/sites/take-a-trip-2a7a2/versions/88be8ad7e71cb02a/files/1f8ea9ed2965b3e2519b7fa3124600964db281f04cfb13748a42ab9cb7607c56 200
[debug] [2022-11-09T14:22:53.104Z] <<< [apiv2][body] POST https://upload-firebasehosting.googleapis.com/upload/sites/take-a-trip-2a7a2/versions/88be8ad7e71cb02a/files/1f8ea9ed2965b3e2519b7fa3124600964db281f04cfb13748a42ab9cb7607c56 [stream]
[debug] [2022-11-09T14:22:53.741Z] <<< [apiv2][status] POST https://upload-firebasehosting.googleapis.com/upload/sites/take-a-trip-2a7a2/versions/88be8ad7e71cb02a/files/9b469463014a359beceb581ce5e648c6f48fef83ef8fb7a80d29693a0bae9e45 200
[debug] [2022-11-09T14:22:53.741Z] <<< [apiv2][body] POST https://upload-firebasehosting.googleapis.com/upload/sites/take-a-trip-2a7a2/versions/88be8ad7e71cb02a/files/9b469463014a359beceb581ce5e648c6f48fef83ef8fb7a80d29693a0bae9e45 [stream]
[debug] [2022-11-09T14:22:53.960Z] <<< [apiv2][status] POST https://upload-firebasehosting.googleapis.com/upload/sites/take-a-trip-2a7a2/versions/88be8ad7e71cb02a/files/2069a965e3da1020733470c0f01fed69d84267acc8fd0b5604f9394f0b1465f2 200
[debug] [2022-11-09T14:22:53.960Z] <<< [apiv2][body] POST https://upload-firebasehosting.googleapis.com/upload/sites/take-a-trip-2a7a2/versions/88be8ad7e71cb02a/files/2069a965e3da1020733470c0f01fed69d84267acc8fd0b5604f9394f0b1465f2 [stream]
[debug] [2022-11-09T14:22:53.965Z] <<< [apiv2][status] POST https://upload-firebasehosting.googleapis.com/upload/sites/take-a-trip-2a7a2/versions/88be8ad7e71cb02a/files/fd5307c1b0a8cb12b530a64f05c9accf0fe9fdf2229cdc8cbe03f24114164214 200
[debug] [2022-11-09T14:22:53.965Z] <<< [apiv2][body] POST https://upload-firebasehosting.googleapis.com/upload/sites/take-a-trip-2a7a2/versions/88be8ad7e71cb02a/files/fd5307c1b0a8cb12b530a64f05c9accf0fe9fdf2229cdc8cbe03f24114164214 [stream]
[debug] [2022-11-09T14:22:54.037Z] <<< [apiv2][status] POST https://upload-firebasehosting.googleapis.com/upload/sites/take-a-trip-2a7a2/versions/88be8ad7e71cb02a/files/f7bc7c22193743321fc4f984df19637256d0a83e682c040fc85688bd32bec3bc 200
[debug] [2022-11-09T14:22:54.037Z] <<< [apiv2][body] POST https://upload-firebasehosting.googleapis.com/upload/sites/take-a-trip-2a7a2/versions/88be8ad7e71cb02a/files/f7bc7c22193743321fc4f984df19637256d0a83e682c040fc85688bd32bec3bc [stream]
[debug] [2022-11-09T14:22:54.332Z] <<< [apiv2][status] POST https://upload-firebasehosting.googleapis.com/upload/sites/take-a-trip-2a7a2/versions/88be8ad7e71cb02a/files/a22685108f5c124794092212c91dcc99a6d0601bf42b500addfaa00764d750df 200
[debug] [2022-11-09T14:22:54.332Z] <<< [apiv2][body] POST https://upload-firebasehosting.googleapis.com/upload/sites/take-a-trip-2a7a2/versions/88be8ad7e71cb02a/files/a22685108f5c124794092212c91dcc99a6d0601bf42b500addfaa00764d750df [stream]
[debug] [2022-11-09T14:22:54.332Z] [hosting][upload queue][FINAL] {"max":3556,"min":2328,"avg":3080.6666666666665,"active":0,"complete":6,"success":6,"errored":0,"retried":0,"total":6,"elapsed":3556}
[info] +  hosting[take-a-trip-2a7a2]: file upload complete 
[debug] [2022-11-09T14:22:54.333Z] [hosting] deploy completed after 4929ms
[debug] [2022-11-09T14:22:54.336Z] [
  {
    "config": {
      "public": "build",
      "ignore": [
        "firebase.json",
        "**/.*",
        "**/node_modules/**"
      ],
      "rewrites": [
        {
          "source": "**",
          "destination": "/index.html"
        }
      ],
      "site": "take-a-trip-2a7a2"
    },
    "version": "projects/251045852397/sites/take-a-trip-2a7a2/versions/88be8ad7e71cb02a"
  }
]
[info] i  hosting[take-a-trip-2a7a2]: finalizing version... 
[debug] [2022-11-09T14:22:54.337Z] >>> [apiv2][query] PATCH https://firebasehosting.googleapis.com/v1beta1/projects/-/sites/take-a-trip-2a7a2/versions/88be8ad7e71cb02a updateMask=status%2Cconfig
[debug] [2022-11-09T14:22:54.337Z] >>> [apiv2][body] PATCH https://firebasehosting.googleapis.com/v1beta1/projects/-/sites/take-a-trip-2a7a2/versions/88be8ad7e71cb02a {"status":"FINALIZED","config":{"rewrites":[{"glob":"**","path":"/index.html"}]}}
[debug] [2022-11-09T14:22:55.620Z] <<< [apiv2][status] PATCH https://firebasehosting.googleapis.com/v1beta1/projects/-/sites/take-a-trip-2a7a2/versions/88be8ad7e71cb02a 200
[debug] [2022-11-09T14:22:55.620Z] <<< [apiv2][body] PATCH https://firebasehosting.googleapis.com/v1beta1/projects/-/sites/take-a-trip-2a7a2/versions/88be8ad7e71cb02a {"name":"projects/251045852397/sites/take-a-trip-2a7a2/versions/88be8ad7e71cb02a","status":"FINALIZED","config":{"rewrites":[{"glob":"**","path":"/index.html"}]},"labels":{"deployment-tool":"cli-firebase"},"createTime":"2022-11-09T14:22:48.142729Z","createUser":{"email":"mdtajbeerahamedrimon@gmail.com"},"finalizeTime":"2022-11-09T14:22:54.532539Z","finalizeUser":{"email":"mdtajbeerahamedrimon@gmail.com"}}
[debug] [2022-11-09T14:22:55.620Z] [hosting] finalized version for take-a-trip-2a7a2:[object Object]
[info] +  hosting[take-a-trip-2a7a2]: version finalized 
[info] i  hosting[take-a-trip-2a7a2]: releasing new version... 
[debug] [2022-11-09T14:22:55.621Z] >>> [apiv2][query] POST https://firebasehosting.googleapis.com/v1beta1/projects/-/sites/take-a-trip-2a7a2/channels/live/releases versionName=projects%2F251045852397%2Fsites%2Ftake-a-trip-2a7a2%2Fversions%2F88be8ad7e71cb02a
[debug] [2022-11-09T14:22:55.621Z] >>> [apiv2][body] POST https://firebasehosting.googleapis.com/v1beta1/projects/-/sites/take-a-trip-2a7a2/channels/live/releases {}
[debug] [2022-11-09T14:22:59.095Z] <<< [apiv2][status] POST https://firebasehosting.googleapis.com/v1beta1/projects/-/sites/take-a-trip-2a7a2/channels/live/releases 200
[debug] [2022-11-09T14:22:59.096Z] <<< [apiv2][body] POST https://firebasehosting.googleapis.com/v1beta1/projects/-/sites/take-a-trip-2a7a2/channels/live/releases {"name":"projects/251045852397/sites/take-a-trip-2a7a2/channels/live/releases/1668003776223940","version":{"name":"projects/251045852397/sites/take-a-trip-2a7a2/versions/88be8ad7e71cb02a","status":"FINALIZED","config":{"rewrites":[{"glob":"**","path":"/index.html"}]},"labels":{"deployment-tool":"cli-firebase"},"createTime":"2022-11-09T14:22:48.142729Z","createUser":{"email":"mdtajbeerahamedrimon@gmail.com","imageUrl":"https://lh3.googleusercontent.com/a/ALm5wu19Fg-iRseDaLc2XJw5XrJ5tu4MLQnNZR87xUZG"},"finalizeTime":"2022-11-09T14:22:54.532539Z","finalizeUser":{"email":"mdtajbeerahamedrimon@gmail.com","imageUrl":"https://lh3.googleusercontent.com/a/ALm5wu19Fg-iRseDaLc2XJw5XrJ5tu4MLQnNZR87xUZG"}},"type":"DEPLOY","releaseTime":"2022-11-09T14:22:56.223940101Z","releaseUser":{"email":"mdtajbeerahamedrimon@gmail.com","imageUrl":"https://lh3.googleusercontent.com/a/ALm5wu19Fg-iRseDaLc2XJw5XrJ5tu4MLQnNZR87xUZG"}}
[debug] [2022-11-09T14:22:59.096Z] [hosting] release: {"name":"projects/251045852397/sites/take-a-trip-2a7a2/channels/live/releases/1668003776223940","version":{"name":"projects/251045852397/sites/take-a-trip-2a7a2/versions/88be8ad7e71cb02a","status":"FINALIZED","config":{"rewrites":[{"glob":"**","path":"/index.html"}]},"labels":{"deployment-tool":"cli-firebase"},"createTime":"2022-11-09T14:22:48.142729Z","createUser":{"email":"mdtajbeerahamedrimon@gmail.com","imageUrl":"https://lh3.googleusercontent.com/a/ALm5wu19Fg-iRseDaLc2XJw5XrJ5tu4MLQnNZR87xUZG"},"finalizeTime":"2022-11-09T14:22:54.532539Z","finalizeUser":{"email":"mdtajbeerahamedrimon@gmail.com","imageUrl":"https://lh3.googleusercontent.com/a/ALm5wu19Fg-iRseDaLc2XJw5XrJ5tu4MLQnNZR87xUZG"}},"type":"DEPLOY","releaseTime":"2022-11-09T14:22:56.223940101Z","releaseUser":{"email":"mdtajbeerahamedrimon@gmail.com","imageUrl":"https://lh3.googleusercontent.com/a/ALm5wu19Fg-iRseDaLc2XJw5XrJ5tu4MLQnNZR87xUZG"}}
[info] +  hosting[take-a-trip-2a7a2]: release complete 
